<?xml version="1.0" encoding="UTF-8"?>
<!-- Generated by org.testng.reporters.JUnitReportReporter -->
<testsuite hostname="DESKTOP-I21FJK1" failures="0" tests="1" name="Touch2.TC001" time="15.493" errors="0" timestamp="23 Sep 2022 11:39:41 GMT">
  <testcase classname="Touch2.TC001" name="tc001" time="15.493"/>
</testsuite> <!-- Touch2.TC001 -->
